# JRE version: OpenJDK Runtime Environment (8.0_242-b01) (build 1.8.0_242-release-1644-b01)
# Java VM: OpenJDK 64-Bit Server VM (25.242-b01 mixed mode windows-amd64 compressed oops)
Heap:
 PSYoungGen      total 594432K, used 232004K [0x00000000d5580000, 0x00000000fe480000, 0x0000000100000000)
  eden space 567808K, 36% used [0x00000000d5580000,0x00000000e1e12b78,0x00000000f8000000)
  from space 26624K, 99% used [0x00000000fca80000,0x00000000fe47e7e8,0x00000000fe480000)
  to   space 33792K, 0% used [0x00000000fa280000,0x00000000fa280000,0x00000000fc380000)
 ParOldGen       total 112128K, used 48884K [0x0000000080000000, 0x0000000086d80000, 0x00000000d5580000)
  object space 112128K, 43% used [0x0000000080000000,0x0000000082fbd358,0x0000000086d80000)
 Metaspace       used 75455K, capacity 79488K, committed 79704K, reserved 1118208K
  class space    used 10346K, capacity 11092K, committed 11136K, reserved 1048576K
GC Heap History (10 events):
Event: 5.973 GC heap before
{Heap before GC invocations=9 (full 2):
 PSYoungGen      total 276480K, used 8885K [0x00000000d5580000, 0x00000000f2100000, 0x0000000100000000)
  eden space 260096K, 0% used [0x00000000d5580000,0x00000000d5580000,0x00000000e5380000)
  from space 16384K, 54% used [0x00000000e5380000,0x00000000e5c2d750,0x00000000e6380000)
  to   space 15872K, 0% used [0x00000000f1180000,0x00000000f1180000,0x00000000f2100000)
 ParOldGen       total 53248K, used 8129K [0x0000000080000000, 0x0000000083400000, 0x00000000d5580000)
  object space 53248K, 15% used [0x0000000080000000,0x00000000807f0678,0x0000000083400000)
 Metaspace       used 34256K, capacity 35392K, committed 35416K, reserved 1079296K
  class space    used 4712K, capacity 4973K, committed 4992K, reserved 1048576K
Event: 6.020 GC heap after
Heap after GC invocations=9 (full 2):
 PSYoungGen      total 276480K, used 0K [0x00000000d5580000, 0x00000000f2100000, 0x0000000100000000)
  eden space 260096K, 0% used [0x00000000d5580000,0x00000000d5580000,0x00000000e5380000)
  from space 16384K, 0% used [0x00000000e5380000,0x00000000e5380000,0x00000000e6380000)
  to   space 15872K, 0% used [0x00000000f1180000,0x00000000f1180000,0x00000000f2100000)
 ParOldGen       total 71680K, used 15573K [0x0000000080000000, 0x0000000084600000, 0x00000000d5580000)
  object space 71680K, 21% used [0x0000000080000000,0x0000000080f35438,0x0000000084600000)
 Metaspace       used 34256K, capacity 35392K, committed 35416K, reserved 1079296K
  class space    used 4712K, capacity 4973K, committed 4992K, reserved 1048576K
}
Event: 8.246 GC heap before
{Heap before GC invocations=10 (full 2):
 PSYoungGen      total 276480K, used 260096K [0x00000000d5580000, 0x00000000f2100000, 0x0000000100000000)
  eden space 260096K, 100% used [0x00000000d5580000,0x00000000e5380000,0x00000000e5380000)
  from space 16384K, 0% used [0x00000000e5380000,0x00000000e5380000,0x00000000e6380000)
  to   space 15872K, 0% used [0x00000000f1180000,0x00000000f1180000,0x00000000f2100000)
 ParOldGen       total 71680K, used 15573K [0x0000000080000000, 0x0000000084600000, 0x00000000d5580000)
  object space 71680K, 21% used [0x0000000080000000,0x0000000080f35438,0x0000000084600000)
 Metaspace       used 45709K, capacity 47608K, committed 47832K, reserved 1091584K
  class space    used 6169K, capacity 6568K, committed 6656K, reserved 1048576K
Event: 8.281 GC heap after
Heap after GC invocations=10 (full 2):
 PSYoungGen      total 450048K, used 15860K [0x00000000d5580000, 0x00000000f2d00000, 0x0000000100000000)
  eden space 434176K, 0% used [0x00000000d5580000,0x00000000d5580000,0x00000000efd80000)
  from space 15872K, 99% used [0x00000000f1180000,0x00000000f20fd088,0x00000000f2100000)
  to   space 20480K, 0% used [0x00000000efd80000,0x00000000efd80000,0x00000000f1180000)
 ParOldGen       total 71680K, used 20620K [0x0000000080000000, 0x0000000084600000, 0x00000000d5580000)
  object space 71680K, 28% used [0x0000000080000000,0x00000000814232a0,0x0000000084600000)
 Metaspace       used 45709K, capacity 47608K, committed 47832K, reserved 1091584K
  class space    used 6169K, capacity 6568K, committed 6656K, reserved 1048576K
}
Event: 10.134 GC heap before
{Heap before GC invocations=11 (full 2):
 PSYoungGen      total 450048K, used 173394K [0x00000000d5580000, 0x00000000f2d00000, 0x0000000100000000)
  eden space 434176K, 36% used [0x00000000d5580000,0x00000000def578a0,0x00000000efd80000)
  from space 15872K, 99% used [0x00000000f1180000,0x00000000f20fd088,0x00000000f2100000)
  to   space 20480K, 0% used [0x00000000efd80000,0x00000000efd80000,0x00000000f1180000)
 ParOldGen       total 71680K, used 20620K [0x0000000080000000, 0x0000000084600000, 0x00000000d5580000)
  object space 71680K, 28% used [0x0000000080000000,0x00000000814232a0,0x0000000084600000)
 Metaspace       used 56595K, capacity 58932K, committed 59028K, reserved 1099776K
  class space    used 7659K, capacity 8134K, committed 8192K, reserved 1048576K
Event: 10.212 GC heap after
Heap after GC invocations=11 (full 2):
 PSYoungGen      total 454656K, used 20475K [0x00000000d5580000, 0x00000000fe480000, 0x0000000100000000)
  eden space 434176K, 0% used [0x00000000d5580000,0x00000000d5580000,0x00000000efd80000)
  from space 20480K, 99% used [0x00000000efd80000,0x00000000f117ed08,0x00000000f1180000)
  to   space 26624K, 0% used [0x00000000fca80000,0x00000000fca80000,0x00000000fe480000)
 ParOldGen       total 71680K, used 27776K [0x0000000080000000, 0x0000000084600000, 0x00000000d5580000)
  object space 71680K, 38% used [0x0000000080000000,0x0000000081b20030,0x0000000084600000)
 Metaspace       used 56595K, capacity 58932K, committed 59028K, reserved 1099776K
  class space    used 7659K, capacity 8134K, committed 8192K, reserved 1048576K
}
Event: 10.212 GC heap before
{Heap before GC invocations=12 (full 3):
 PSYoungGen      total 454656K, used 20475K [0x00000000d5580000, 0x00000000fe480000, 0x0000000100000000)
  eden space 434176K, 0% used [0x00000000d5580000,0x00000000d5580000,0x00000000efd80000)
  from space 20480K, 99% used [0x00000000efd80000,0x00000000f117ed08,0x00000000f1180000)
  to   space 26624K, 0% used [0x00000000fca80000,0x00000000fca80000,0x00000000fe480000)
 ParOldGen       total 71680K, used 27776K [0x0000000080000000, 0x0000000084600000, 0x00000000d5580000)
  object space 71680K, 38% used [0x0000000080000000,0x0000000081b20030,0x0000000084600000)
 Metaspace       used 56595K, capacity 58932K, committed 59028K, reserved 1099776K
  class space    used 7659K, capacity 8134K, committed 8192K, reserved 1048576K
Event: 10.466 GC heap after
Heap after GC invocations=12 (full 3):
 PSYoungGen      total 454656K, used 0K [0x00000000d5580000, 0x00000000fe480000, 0x0000000100000000)
  eden space 434176K, 0% used [0x00000000d5580000,0x00000000d5580000,0x00000000efd80000)
  from space 20480K, 0% used [0x00000000efd80000,0x00000000efd80000,0x00000000f1180000)
  to   space 26624K, 0% used [0x00000000fca80000,0x00000000fca80000,0x00000000fe480000)
 ParOldGen       total 112128K, used 40197K [0x0000000080000000, 0x0000000086d80000, 0x00000000d5580000)
  object space 112128K, 35% used [0x0000000080000000,0x00000000827417b8,0x0000000086d80000)
 Metaspace       used 56546K, capacity 58764K, committed 59028K, reserved 1099776K
  class space    used 7643K, capacity 8106K, committed 8192K, reserved 1048576K
}
Event: 15.582 GC heap before
{Heap before GC invocations=13 (full 3):
 PSYoungGen      total 454656K, used 434176K [0x00000000d5580000, 0x00000000fe480000, 0x0000000100000000)
  eden space 434176K, 100% used [0x00000000d5580000,0x00000000efd80000,0x00000000efd80000)
  from space 20480K, 0% used [0x00000000efd80000,0x00000000efd80000,0x00000000f1180000)
  to   space 26624K, 0% used [0x00000000fca80000,0x00000000fca80000,0x00000000fe480000)
 ParOldGen       total 112128K, used 40197K [0x0000000080000000, 0x0000000086d80000, 0x00000000d5580000)
  object space 112128K, 35% used [0x0000000080000000,0x00000000827417b8,0x0000000086d80000)
 Metaspace       used 68534K, capacity 72138K, committed 72280K, reserved 1112064K
  class space    used 9368K, capacity 10075K, committed 10112K, reserved 1048576K
Event: 15.659 GC heap after
Heap after GC invocations=13 (full 3):
 PSYoungGen      total 594432K, used 26617K [0x00000000d5580000, 0x00000000fe480000, 0x0000000100000000)
  eden space 567808K, 0% used [0x00000000d5580000,0x00000000d5580000,0x00000000f8000000)
  from space 26624K, 99% used [0x00000000fca80000,0x00000000fe47e7e8,0x00000000fe480000)
  to   space 33792K, 0% used [0x00000000fa280000,0x00000000fa280000,0x00000000fc380000)
 ParOldGen       total 112128K, used 48884K [0x0000000080000000, 0x0000000086d80000, 0x00000000d5580000)
  object space 112128K, 43% used [0x0000000080000000,0x0000000082fbd358,0x0000000086d80000)
 Metaspace       used 68534K, capacity 72138K, committed 72280K, reserved 1112064K
  class space    used 9368K, capacity 10075K, committed 10112K, reserved 1048576K
}

