# JRE version: OpenJDK Runtime Environment (8.0_242-b01) (build 1.8.0_242-release-1644-b01)
# Java VM: OpenJDK 64-Bit Server VM (25.242-b01 mixed mode windows-amd64 compressed oops)
Heap:
 PSYoungGen      total 280576K, used 142439K [0x00000000d5580000, 0x00000000e7d80000, 0x0000000100000000)
  eden space 260096K, 54% used [0x00000000d5580000,0x00000000de099ed8,0x00000000e5380000)
  from space 20480K, 0% used [0x00000000e6700000,0x00000000e6700000,0x00000000e7b00000)
  to   space 19968K, 0% used [0x00000000e5380000,0x00000000e5380000,0x00000000e6700000)
 ParOldGen       total 103936K, used 35285K [0x0000000080000000, 0x0000000086580000, 0x00000000d5580000)
  object space 103936K, 33% used [0x0000000080000000,0x0000000082275460,0x0000000086580000)
 Metaspace       used 64089K, capacity 66666K, committed 66904K, reserved 1107968K
  class space    used 8797K, capacity 9333K, committed 9344K, reserved 1048576K
GC Heap History (10 events):
Event: 5.072 GC heap before
{Heap before GC invocations=11 (full 2):
 PSYoungGen      total 140800K, used 11248K [0x00000000d5580000, 0x00000000e2d80000, 0x0000000100000000)
  eden space 129536K, 0% used [0x00000000d5580000,0x00000000d5580000,0x00000000dd400000)
  from space 11264K, 99% used [0x00000000dd400000,0x00000000ddefc240,0x00000000ddf00000)
  to   space 12800K, 0% used [0x00000000e2100000,0x00000000e2100000,0x00000000e2d80000)
 ParOldGen       total 47104K, used 7490K [0x0000000080000000, 0x0000000082e00000, 0x00000000d5580000)
  object space 47104K, 15% used [0x0000000080000000,0x0000000080750a18,0x0000000082e00000)
 Metaspace       used 34247K, capacity 35388K, committed 35416K, reserved 1079296K
  class space    used 4712K, capacity 4973K, committed 4992K, reserved 1048576K
Event: 5.151 GC heap after
Heap after GC invocations=11 (full 2):
 PSYoungGen      total 140800K, used 0K [0x00000000d5580000, 0x00000000e2d80000, 0x0000000100000000)
  eden space 129536K, 0% used [0x00000000d5580000,0x00000000d5580000,0x00000000dd400000)
  from space 11264K, 0% used [0x00000000dd400000,0x00000000dd400000,0x00000000ddf00000)
  to   space 12800K, 0% used [0x00000000e2100000,0x00000000e2100000,0x00000000e2d80000)
 ParOldGen       total 67072K, used 18274K [0x0000000080000000, 0x0000000084180000, 0x00000000d5580000)
  object space 67072K, 27% used [0x0000000080000000,0x00000000811d8b68,0x0000000084180000)
 Metaspace       used 34247K, capacity 35388K, committed 35416K, reserved 1079296K
  class space    used 4712K, capacity 4973K, committed 4992K, reserved 1048576K
}
Event: 6.268 GC heap before
{Heap before GC invocations=12 (full 2):
 PSYoungGen      total 140800K, used 129536K [0x00000000d5580000, 0x00000000e2d80000, 0x0000000100000000)
  eden space 129536K, 100% used [0x00000000d5580000,0x00000000dd400000,0x00000000dd400000)
  from space 11264K, 0% used [0x00000000dd400000,0x00000000dd400000,0x00000000ddf00000)
  to   space 12800K, 0% used [0x00000000e2100000,0x00000000e2100000,0x00000000e2d80000)
 ParOldGen       total 67072K, used 18274K [0x0000000080000000, 0x0000000084180000, 0x00000000d5580000)
  object space 67072K, 27% used [0x0000000080000000,0x00000000811d8b68,0x0000000084180000)
 Metaspace       used 37355K, capacity 39034K, committed 39256K, reserved 1083392K
  class space    used 5137K, capacity 5491K, committed 5504K, reserved 1048576K
Event: 6.275 GC heap after
Heap after GC invocations=12 (full 2):
 PSYoungGen      total 194560K, used 8810K [0x00000000d5580000, 0x00000000e2a00000, 0x0000000100000000)
  eden space 185344K, 0% used [0x00000000d5580000,0x00000000d5580000,0x00000000e0a80000)
  from space 9216K, 95% used [0x00000000e2100000,0x00000000e299ab40,0x00000000e2a00000)
  to   space 13312K, 0% used [0x00000000e1000000,0x00000000e1000000,0x00000000e1d00000)
 ParOldGen       total 67072K, used 18282K [0x0000000080000000, 0x0000000084180000, 0x00000000d5580000)
  object space 67072K, 27% used [0x0000000080000000,0x00000000811dab68,0x0000000084180000)
 Metaspace       used 37355K, capacity 39034K, committed 39256K, reserved 1083392K
  class space    used 5137K, capacity 5491K, committed 5504K, reserved 1048576K
}
Event: 8.326 GC heap before
{Heap before GC invocations=13 (full 2):
 PSYoungGen      total 194560K, used 194154K [0x00000000d5580000, 0x00000000e2a00000, 0x0000000100000000)
  eden space 185344K, 100% used [0x00000000d5580000,0x00000000e0a80000,0x00000000e0a80000)
  from space 9216K, 95% used [0x00000000e2100000,0x00000000e299ab40,0x00000000e2a00000)
  to   space 13312K, 0% used [0x00000000e1000000,0x00000000e1000000,0x00000000e1d00000)
 ParOldGen       total 67072K, used 18282K [0x0000000080000000, 0x0000000084180000, 0x00000000d5580000)
  object space 67072K, 27% used [0x0000000080000000,0x00000000811dab68,0x0000000084180000)
 Metaspace       used 52913K, capacity 55122K, committed 55384K, reserved 1097728K
  class space    used 7030K, capacity 7510K, committed 7552K, reserved 1048576K
Event: 8.353 GC heap after
Heap after GC invocations=13 (full 2):
 PSYoungGen      total 204288K, used 13307K [0x00000000d5580000, 0x00000000e7b00000, 0x0000000100000000)
  eden space 190976K, 0% used [0x00000000d5580000,0x00000000d5580000,0x00000000e1000000)
  from space 13312K, 99% used [0x00000000e1000000,0x00000000e1cfec98,0x00000000e1d00000)
  to   space 20480K, 0% used [0x00000000e6700000,0x00000000e6700000,0x00000000e7b00000)
 ParOldGen       total 67072K, used 33370K [0x0000000080000000, 0x0000000084180000, 0x00000000d5580000)
  object space 67072K, 49% used [0x0000000080000000,0x0000000082096bf0,0x0000000084180000)
 Metaspace       used 52913K, capacity 55122K, committed 55384K, reserved 1097728K
  class space    used 7030K, capacity 7510K, committed 7552K, reserved 1048576K
}
Event: 9.026 GC heap before
{Heap before GC invocations=14 (full 2):
 PSYoungGen      total 204288K, used 52507K [0x00000000d5580000, 0x00000000e7b00000, 0x0000000100000000)
  eden space 190976K, 20% used [0x00000000d5580000,0x00000000d7bc82d8,0x00000000e1000000)
  from space 13312K, 99% used [0x00000000e1000000,0x00000000e1cfec98,0x00000000e1d00000)
  to   space 20480K, 0% used [0x00000000e6700000,0x00000000e6700000,0x00000000e7b00000)
 ParOldGen       total 67072K, used 33370K [0x0000000080000000, 0x0000000084180000, 0x00000000d5580000)
  object space 67072K, 49% used [0x0000000080000000,0x0000000082096bf0,0x0000000084180000)
 Metaspace       used 56576K, capacity 58904K, committed 59028K, reserved 1099776K
  class space    used 7655K, capacity 8128K, committed 8192K, reserved 1048576K
Event: 9.044 GC heap after
Heap after GC invocations=14 (full 2):
 PSYoungGen      total 280576K, used 4998K [0x00000000d5580000, 0x00000000e7d80000, 0x0000000100000000)
  eden space 260096K, 0% used [0x00000000d5580000,0x00000000d5580000,0x00000000e5380000)
  from space 20480K, 24% used [0x00000000e6700000,0x00000000e6be1af8,0x00000000e7b00000)
  to   space 19968K, 0% used [0x00000000e5380000,0x00000000e5380000,0x00000000e6700000)
 ParOldGen       total 67072K, used 45023K [0x0000000080000000, 0x0000000084180000, 0x00000000d5580000)
  object space 67072K, 67% used [0x0000000080000000,0x0000000082bf7f58,0x0000000084180000)
 Metaspace       used 56576K, capacity 58904K, committed 59028K, reserved 1099776K
  class space    used 7655K, capacity 8128K, committed 8192K, reserved 1048576K
}
Event: 9.044 GC heap before
{Heap before GC invocations=15 (full 3):
 PSYoungGen      total 280576K, used 4998K [0x00000000d5580000, 0x00000000e7d80000, 0x0000000100000000)
  eden space 260096K, 0% used [0x00000000d5580000,0x00000000d5580000,0x00000000e5380000)
  from space 20480K, 24% used [0x00000000e6700000,0x00000000e6be1af8,0x00000000e7b00000)
  to   space 19968K, 0% used [0x00000000e5380000,0x00000000e5380000,0x00000000e6700000)
 ParOldGen       total 67072K, used 45023K [0x0000000080000000, 0x0000000084180000, 0x00000000d5580000)
  object space 67072K, 67% used [0x0000000080000000,0x0000000082bf7f58,0x0000000084180000)
 Metaspace       used 56576K, capacity 58904K, committed 59028K, reserved 1099776K
  class space    used 7655K, capacity 8128K, committed 8192K, reserved 1048576K
Event: 9.313 GC heap after
Heap after GC invocations=15 (full 3):
 PSYoungGen      total 280576K, used 0K [0x00000000d5580000, 0x00000000e7d80000, 0x0000000100000000)
  eden space 260096K, 0% used [0x00000000d5580000,0x00000000d5580000,0x00000000e5380000)
  from space 20480K, 0% used [0x00000000e6700000,0x00000000e6700000,0x00000000e7b00000)
  to   space 19968K, 0% used [0x00000000e5380000,0x00000000e5380000,0x00000000e6700000)
 ParOldGen       total 103936K, used 35285K [0x0000000080000000, 0x0000000086580000, 0x00000000d5580000)
  object space 103936K, 33% used [0x0000000080000000,0x0000000082275460,0x0000000086580000)
 Metaspace       used 56537K, capacity 58772K, committed 59028K, reserved 1099776K
  class space    used 7643K, capacity 8106K, committed 8192K, reserved 1048576K
}

